<?xml version="1.0" encoding="UTF-8"?>
<!-- Generated by org.testng.reporters.JUnitReportReporter -->
<testsuite hostname="IMRAN" failures="0" tests="1" name="com.parasoft.parabank.testCases.TC_LoginTest_001" time="6.335" errors="0" timestamp="2022-03-03T17:23:40 BDT" skipped="0">
  <testcase classname="com.parasoft.parabank.testCases.TC_LoginTest_001" name="LoginTest" time="6.335"/>
  <system-out/>
</testsuite> <!-- com.parasoft.parabank.testCases.TC_LoginTest_001 -->
