<?xml version="1.0" encoding="UTF-8"?>
<!-- Generated by org.testng.reporters.JUnitReportReporter -->
<testsuite hostname="IMRAN" failures="0" tests="1" name="com.parasoft.parabank.testCases.TC_LoginTest_002_DD" time="0.000" errors="0" timestamp="2022-03-07T22:14:50 BDT" skipped="1">
  <testcase classname="com.parasoft.parabank.testCases.TC_LoginTest_002_DD" name="loginDDT" time="0.000">
    <skipped/>
  </testcase> <!-- loginDDT -->
  <system-out/>
</testsuite> <!-- com.parasoft.parabank.testCases.TC_LoginTest_002_DD -->
